============================= test session starts ==============================
platform darwin -- Python 3.12.12, pytest-9.0.2, pluggy-1.6.0 -- /Users/kooshapari/.local/share/mise/installs/python/3.12.12/bin/python
cachedir: .pytest_cache
benchmark: 5.2.3 (defaults: timer=time.perf_counter disable_gc=False min_rounds=5 min_time=0.000005 max_time=1.0 calibration_precision=10 warmup=False warmup_iterations=100000)
hypothesis profile 'default'
rootdir: /Users/kooshapari/CodeProjects/Phenotype/repos/4sgm
configfile: pyproject.toml
plugins: anyio-4.12.1, benchmark-5.2.3, respx-0.22.0, mock-3.15.1, xdist-3.8.0, tach-0.33.3, Faker-40.4.0, langsmith-0.7.6, hypothesis-6.151.9, asyncio-1.3.0, testmon-2.2.0, rerunfailures-16.1, cov-7.0.0
asyncio: mode=Mode.STRICT, debug=False, asyncio_default_fixture_loop_scope=None, asyncio_default_test_loop_scope=function
collecting ... ERROR: file or directory not found: tests/

collected 0 items

============================ no tests ran in 1.75s =============================
